#
# There is insufficient memory for the Java Runtime Environment to continue.
# Native memory allocation (malloc) failed to allocate 1048576 bytes for AllocateHeap
# Possible reasons:
#   The system is out of physical RAM or swap space
#   The process is running with CompressedOops enabled, and the Java Heap may be blocking the growth of the native heap
# Possible solutions:
#   Reduce memory load on the system
#   Increase physical memory or swap space
#   Check if swap backing store is full
#   Decrease Java heap size (-Xmx/-Xms)
#   Decrease number of Java threads
#   Decrease Java thread stack sizes (-Xss)
#   Set larger code cache with -XX:ReservedCodeCacheSize=
#   JVM is running with Zero Based Compressed Oops mode in which the Java heap is
#     placed in the first 32GB address space. The Java Heap base address is the
#     maximum limit for the native heap growth. Please use -XX:HeapBaseMinAddress
#     to set the Java Heap base and to place the Java Heap above 32GB virtual address.
# This output file may be truncated or incomplete.
#
#  Out of Memory Error (./src/hotspot/share/memory/allocation.cpp:46), pid=11760, tid=13516
#
# JRE version: OpenJDK Runtime Environment Temurin-11.0.15+10 (11.0.15+10) (build 11.0.15+10)
# Java VM: OpenJDK 64-Bit Server VM Temurin-11.0.15+10 (11.0.15+10, mixed mode, tiered, compressed oops, g1 gc, windows-amd64)
# No core dump will be written. Minidumps are not enabled by default on client versions of Windows
#

---------------  S U M M A R Y ------------

Command Line: -XX:TieredStopAtLevel=1 -Xverify:none -Dspring.output.ansi.enabled=always -Dcom.sun.management.jmxremote -Dspring.jmx.enabled=true -Dspring.liveBeansView.mbeanDomain -Dspring.application.admin.enabled=true -javaagent:C:\Users\User\AppData\Local\JetBrains\Toolbox\apps\IDEA-U\ch-0\222.4167.29\lib\idea_rt.jar=7856:C:\Users\User\AppData\Local\JetBrains\Toolbox\apps\IDEA-U\ch-0\222.4167.29\bin -Dfile.encoding=UTF-8 com.upc.pe.backenderentcar.BackenderentcarApplication

Host: Intel(R) Core(TM) i5-9400 CPU @ 2.90GHz, 6 cores, 15G,  Windows 11 , 64 bit Build 22000 (10.0.22000.708)
Time: Sun Sep 18 23:08:25 2022 Hora est. Pacífico, Sudamérica elapsed time: 1.342845 seconds (0d 0h 0m 1s)

---------------  T H R E A D  ---------------

Current thread (0x00000204cb10a800):  VMThread "VM Thread" [stack: 0x000000ab91e00000,0x000000ab91f00000] [id=13516]

Stack: [0x000000ab91e00000,0x000000ab91f00000]
[error occurred during error reporting (printing stack bounds), id 0xc0000005, EXCEPTION_ACCESS_VIOLATION (0xc0000005) at pc=0x00000204af18112d]

Native frames: (J=compiled Java code, j=interpreted, Vv=VM code, C=native code)
V  [jvm.dll+0x61e72a]
V  [jvm.dll+0x7aae49]
V  [jvm.dll+0x7ac538]
V  [jvm.dll+0x7acb75]
V  [jvm.dll+0x7acb2b]
V  [jvm.dll+0x61dab7]
V  [jvm.dll+0x61e1c8]
C  [ntdll.dll+0xa8b1f]
C  [ntdll.dll+0x35b9a]
C  [ntdll.dll+0xa7b2e]
C  0x00000204af18112d

VM_Operation (0x000000ab92ffaf10): CollectForMetadataAllocation, mode: safepoint, requested by thread 0x00000204cc78c800


---------------  P R O C E S S  ---------------

Threads class SMR info:
_java_thread_list=0x00000204cce31d70, length=14, elements={
0x00000204a525d000, 0x00000204cb12d800, 0x00000204cb137000, 0x00000204cb189800,
0x00000204cb18c800, 0x00000204cb191000, 0x00000204cb192800, 0x00000204cb198000,
0x00000204ca83f000, 0x00000204cb856000, 0x00000204cba45000, 0x00000204cc78c800,
0x00000204ccc43800, 0x00000204cca7d800
}

Java Threads: ( => current thread )
  0x00000204a525d000 JavaThread "main" [_thread_blocked, id=7948, stack(0x000000ab91800000,0x000000ab91900000)]
  0x00000204cb12d800 JavaThread "Reference Handler" daemon [_thread_blocked, id=18128, stack(0x000000ab91f00000,0x000000ab92000000)]
  0x00000204cb137000 JavaThread "Finalizer" daemon [_thread_blocked, id=15616, stack(0x000000ab92000000,0x000000ab92100000)]
  0x00000204cb189800 JavaThread "Signal Dispatcher" daemon [_thread_blocked, id=24324, stack(0x000000ab92100000,0x000000ab92200000)]
  0x00000204cb18c800 JavaThread "Attach Listener" daemon [_thread_blocked, id=26612, stack(0x000000ab92200000,0x000000ab92300000)]
  0x00000204cb191000 JavaThread "Service Thread" daemon [_thread_blocked, id=25160, stack(0x000000ab92300000,0x000000ab92400000)]
  0x00000204cb192800 JavaThread "C1 CompilerThread0" daemon [_thread_blocked, id=23512, stack(0x000000ab92400000,0x000000ab92500000)]
  0x00000204cb198000 JavaThread "Sweeper thread" daemon [_thread_blocked, id=23384, stack(0x000000ab92500000,0x000000ab92600000)]
  0x00000204ca83f000 JavaThread "Common-Cleaner" daemon [_thread_blocked, id=22968, stack(0x000000ab92600000,0x000000ab92700000)]
  0x00000204cb856000 JavaThread "Monitor Ctrl-Break" daemon [_thread_in_native, id=17300, stack(0x000000ab92700000,0x000000ab92800000)]
  0x00000204cba45000 JavaThread "RMI TCP Accept-0" daemon [_thread_in_native, id=7820, stack(0x000000ab92800000,0x000000ab92900000)]
  0x00000204cc78c800 JavaThread "background-preinit" [_thread_blocked, id=21168, stack(0x000000ab92f00000,0x000000ab93000000)]
  0x00000204ccc43800 JavaThread "RMI TCP Connection(1)-192.168.56.1" daemon [_thread_in_native, id=16860, stack(0x000000ab93100000,0x000000ab93200000)]
  0x00000204cca7d800 JavaThread "RMI Scheduler(0)" daemon [_thread_blocked, id=23340, stack(0x000000ab93300000,0x000000ab93400000)]

Other Threads:
=>0x00000204cb10a800 VMThread "VM Thread" [stack: 0x000000ab91e00000,0x000000ab91f00000] [id=13516]
  0x00000204cba26000 WatcherThread [stack: 0x000000ab92900000,0x000000ab92a00000] [id=8320]
  0x00000204a5276800 GCTaskThread "GC Thread#0" [stack: 0x000000ab91900000,0x000000ab91a00000] [id=25096]
  0x00000204cbd77800 GCTaskThread "GC Thread#1" [stack: 0x000000ab92a00000,0x000000ab92b00000] [id=12024]
  0x00000204cbb4a800 GCTaskThread "GC Thread#2" [stack: 0x000000ab92b00000,0x000000ab92c00000] [id=14880]
  0x00000204cbc63800 GCTaskThread "GC Thread#3" [stack: 0x000000ab92c00000,0x000000ab92d00000] [id=16024]
  0x00000204cc757800 GCTaskThread "GC Thread#4" [stack: 0x000000ab92d00000,0x000000ab92e00000] [id=16784]
  0x00000204cc758000 GCTaskThread "GC Thread#5" [stack: 0x000000ab92e00000,0x000000ab92f00000] [id=3588]
  0x00000204a52d2000 ConcurrentGCThread "G1 Main Marker" [stack: 0x000000ab91a00000,0x000000ab91b00000] [id=9612]
  0x00000204a52d5000 ConcurrentGCThread "G1 Conc#0" [stack: 0x000000ab91b00000,0x000000ab91c00000] [id=22908]
  0x00000204cc9f8800 ConcurrentGCThread "G1 Conc#1" [stack: 0x000000ab93000000,0x000000ab93100000] [id=4392]
  0x00000204ca76c800 ConcurrentGCThread "G1 Refine#0" [stack: 0x000000ab91c00000,0x000000ab91d00000] [id=15576]
  0x00000204ca76f800 ConcurrentGCThread "G1 Young RemSet Sampling" [stack: 0x000000ab91d00000,0x000000ab91e00000] [id=19580]

Threads with active compile tasks:
C1 CompilerThread0     1359 2407       1       org.springframework.core.annotation.MergedAnnotation::of (8 bytes)

VM state:at safepoint (normal execution)

VM Mutex/Monitor currently owned by a thread:  ([mutex/lock_event])
[0x00000204a5259530] Threads_lock - owner thread: 0x00000204cb10a800
[0x00000204a52591d0] Heap_lock - owner thread: 0x00000204cc78c800

Heap address: 0x0000000705200000, size: 4014 MB, Compressed Oops mode: Zero based, Oop shift amount: 3
Narrow klass base: 0x0000000800000000, Narrow klass shift: 0
Compressed class space size: 1073741824 Address: 0x0000000800000000

Heap:
 garbage-first heap   total 258048K, used 12642K [0x0000000705200000, 0x0000000800000000)
  region size 1024K, 5 young (5120K), 5 survivors (5120K)
 Metaspace       used 27906K, capacity 28715K, committed 28848K, reserved 1087488K
  class space    used 3383K, capacity 3728K, committed 3840K, reserved 1048576K
Heap Regions: E=young(eden), S=young(survivor), O=old, HS=humongous(starts), HC=humongous(continues), CS=collection set, F=free, A=archive, TAMS=top-at-mark-start (previous, next)
|   0|0x0000000705200000, 0x0000000705300000, 0x0000000705300000|100%|HS|  |TAMS 0x0000000705300000, 0x0000000705300000| Complete 
|   1|0x0000000705300000, 0x0000000705400000, 0x0000000705400000|100%| O|  |TAMS 0x0000000705400000, 0x0000000705400000| Untracked 
|   2|0x0000000705400000, 0x0000000705500000, 0x0000000705500000|100%| O|  |TAMS 0x0000000705500000, 0x0000000705500000| Untracked 
|   3|0x0000000705500000, 0x0000000705600000, 0x0000000705600000|100%| O|  |TAMS 0x0000000705600000, 0x0000000705600000| Untracked 
|   4|0x0000000705600000, 0x0000000705700000, 0x0000000705700000|100%| O|  |TAMS 0x0000000705700000, 0x0000000705700000| Untracked 
|   5|0x0000000705700000, 0x0000000705800000, 0x0000000705800000|100%| O|  |TAMS 0x0000000705800000, 0x0000000705800000| Untracked 
|   6|0x0000000705800000, 0x0000000705900000, 0x0000000705900000|100%| O|  |TAMS 0x0000000705900000, 0x0000000705900000| Untracked 
|   7|0x0000000705900000, 0x00000007059b0400, 0x0000000705a00000| 68%| O|  |TAMS 0x00000007059b0400, 0x00000007059b0400| Untracked 
|   8|0x0000000705a00000, 0x0000000705a00000, 0x0000000705b00000|  0%| F|  |TAMS 0x0000000705a00000, 0x0000000705a00000| Untracked 
|   9|0x0000000705b00000, 0x0000000705b00000, 0x0000000705c00000|  0%| F|  |TAMS 0x0000000705b00000, 0x0000000705b00000| Untracked 
|  10|0x0000000705c00000, 0x0000000705c00000, 0x0000000705d00000|  0%| F|  |TAMS 0x0000000705c00000, 0x0000000705c00000| Untracked 
|  11|0x0000000705d00000, 0x0000000705d00000, 0x0000000705e00000|  0%| F|  |TAMS 0x0000000705d00000, 0x0000000705d00000| Untracked 
|  12|0x0000000705e00000, 0x0000000705e00000, 0x0000000705f00000|  0%| F|  |TAMS 0x0000000705e00000, 0x0000000705e00000| Untracked 
|  13|0x0000000705f00000, 0x0000000705f00000, 0x0000000706000000|  0%| F|  |TAMS 0x0000000705f00000, 0x0000000705f00000| Untracked 
|  14|0x0000000706000000, 0x0000000706000000, 0x0000000706100000|  0%| F|  |TAMS 0x0000000706000000, 0x0000000706000000| Untracked 
|  15|0x0000000706100000, 0x0000000706100000, 0x0000000706200000|  0%| F|  |TAMS 0x0000000706100000, 0x0000000706100000| Untracked 
|  16|0x0000000706200000, 0x0000000706200000, 0x0000000706300000|  0%| F|  |TAMS 0x0000000706200000, 0x0000000706200000| Untracked 
|  17|0x0000000706300000, 0x0000000706300000, 0x0000000706400000|  0%| F|  |TAMS 0x0000000706300000, 0x0000000706300000| Untracked 
|  18|0x0000000706400000, 0x0000000706400000, 0x0000000706500000|  0%| F|  |TAMS 0x0000000706400000, 0x0000000706400000| Untracked 
|  19|0x0000000706500000, 0x0000000706500000, 0x0000000706600000|  0%| F|  |TAMS 0x0000000706500000, 0x0000000706500000| Untracked 
|  20|0x0000000706600000, 0x0000000706600000, 0x0000000706700000|  0%| F|  |TAMS 0x0000000706600000, 0x0000000706600000| Untracked 
|  21|0x0000000706700000, 0x0000000706700000, 0x0000000706800000|  0%| F|  |TAMS 0x0000000706700000, 0x0000000706700000| Untracked 
|  22|0x0000000706800000, 0x0000000706800000, 0x0000000706900000|  0%| F|  |TAMS 0x0000000706800000, 0x0000000706800000| Untracked 
|  23|0x0000000706900000, 0x0000000706900000, 0x0000000706a00000|  0%| F|  |TAMS 0x0000000706900000, 0x0000000706900000| Untracked 
|  24|0x0000000706a00000, 0x0000000706a00000, 0x0000000706b00000|  0%| F|  |TAMS 0x0000000706a00000, 0x0000000706a00000| Untracked 
|  25|0x0000000706b00000, 0x0000000706b00000, 0x0000000706c00000|  0%| F|  |TAMS 0x0000000706b00000, 0x0000000706b00000| Untracked 
|  26|0x0000000706c00000, 0x0000000706c00000, 0x0000000706d00000|  0%| F|  |TAMS 0x0000000706c00000, 0x0000000706c00000| Untracked 
|  27|0x0000000706d00000, 0x0000000706d00000, 0x0000000706e00000|  0%| F|  |TAMS 0x0000000706d00000, 0x0000000706d00000| Untracked 
|  28|0x0000000706e00000, 0x0000000706e00000, 0x0000000706f00000|  0%| F|  |TAMS 0x0000000706e00000, 0x0000000706e00000| Untracked 
|  29|0x0000000706f00000, 0x0000000706f00000, 0x0000000707000000|  0%| F|  |TAMS 0x0000000706f00000, 0x0000000706f00000| Untracked 
|  30|0x0000000707000000, 0x0000000707000000, 0x0000000707100000|  0%| F|  |TAMS 0x0000000707000000, 0x0000000707000000| Untracked 
|  31|0x0000000707100000, 0x0000000707100000, 0x0000000707200000|  0%| F|  |TAMS 0x0000000707100000, 0x0000000707100000| Untracked 
|  32|0x0000000707200000, 0x0000000707200000, 0x0000000707300000|  0%| F|  |TAMS 0x0000000707200000, 0x0000000707200000| Untracked 
|  33|0x0000000707300000, 0x0000000707300000, 0x0000000707400000|  0%| F|  |TAMS 0x0000000707300000, 0x0000000707300000| Untracked 
|  34|0x0000000707400000, 0x0000000707400000, 0x0000000707500000|  0%| F|  |TAMS 0x0000000707400000, 0x0000000707400000| Untracked 
|  35|0x0000000707500000, 0x0000000707500000, 0x0000000707600000|  0%| F|  |TAMS 0x0000000707500000, 0x0000000707500000| Untracked 
|  36|0x0000000707600000, 0x0000000707600000, 0x0000000707700000|  0%| F|  |TAMS 0x0000000707600000, 0x0000000707600000| Untracked 
|  37|0x0000000707700000, 0x0000000707700000, 0x0000000707800000|  0%| F|  |TAMS 0x0000000707700000, 0x0000000707700000| Untracked 
|  38|0x0000000707800000, 0x0000000707800000, 0x0000000707900000|  0%| F|  |TAMS 0x0000000707800000, 0x0000000707800000| Untracked 
|  39|0x0000000707900000, 0x0000000707900000, 0x0000000707a00000|  0%| F|  |TAMS 0x0000000707900000, 0x0000000707900000| Untracked 
|  40|0x0000000707a00000, 0x0000000707a00000, 0x0000000707b00000|  0%| F|  |TAMS 0x0000000707a00000, 0x0000000707a00000| Untracked 
|  41|0x0000000707b00000, 0x0000000707b00000, 0x0000000707c00000|  0%| F|  |TAMS 0x0000000707b00000, 0x0000000707b00000| Untracked 
|  42|0x0000000707c00000, 0x0000000707c00000, 0x0000000707d00000|  0%| F|  |TAMS 0x0000000707c00000, 0x0000000707c00000| Untracked 
|  43|0x0000000707d00000, 0x0000000707d00000, 0x0000000707e00000|  0%| F|  |TAMS 0x0000000707d00000, 0x0000000707d00000| Untracked 
|  44|0x0000000707e00000, 0x0000000707e00000, 0x0000000707f00000|  0%| F|  |TAMS 0x0000000707e00000, 0x0000000707e00000| Untracked 
|  45|0x0000000707f00000, 0x0000000707f00000, 0x0000000708000000|  0%| F|  |TAMS 0x0000000707f00000, 0x0000000707f00000| Untracked 
|  46|0x0000000708000000, 0x0000000708000000, 0x0000000708100000|  0%| F|  |TAMS 0x0000000708000000, 0x0000000708000000| Untracked 
|  47|0x0000000708100000, 0x0000000708100000, 0x0000000708200000|  0%| F|  |TAMS 0x0000000708100000, 0x0000000708100000| Untracked 
|  48|0x0000000708200000, 0x0000000708200000, 0x0000000708300000|  0%| F|  |TAMS 0x0000000708200000, 0x0000000708200000| Untracked 
|  49|0x0000000708300000, 0x0000000708300000, 0x0000000708400000|  0%| F|  |TAMS 0x0000000708300000, 0x0000000708300000| Untracked 
|  50|0x0000000708400000, 0x0000000708400000, 0x0000000708500000|  0%| F|  |TAMS 0x0000000708400000, 0x0000000708400000| Untracked 
|  51|0x0000000708500000, 0x0000000708500000, 0x0000000708600000|  0%| F|  |TAMS 0x0000000708500000, 0x0000000708500000| Untracked 
|  52|0x0000000708600000, 0x0000000708600000, 0x0000000708700000|  0%| F|  |TAMS 0x0000000708600000, 0x0000000708600000| Untracked 
|  53|0x0000000708700000, 0x0000000708700000, 0x0000000708800000|  0%| F|  |TAMS 0x0000000708700000, 0x0000000708700000| Untracked 
|  54|0x0000000708800000, 0x0000000708800000, 0x0000000708900000|  0%| F|  |TAMS 0x0000000708800000, 0x0000000708800000| Untracked 
|  55|0x0000000708900000, 0x0000000708900000, 0x0000000708a00000|  0%| F|  |TAMS 0x0000000708900000, 0x0000000708900000| Untracked 
|  56|0x0000000708a00000, 0x0000000708a00000, 0x0000000708b00000|  0%| F|  |TAMS 0x0000000708a00000, 0x0000000708a00000| Untracked 
|  57|0x0000000708b00000, 0x0000000708b00000, 0x0000000708c00000|  0%| F|  |TAMS 0x0000000708b00000, 0x0000000708b00000| Untracked 
|  58|0x0000000708c00000, 0x0000000708c00000, 0x0000000708d00000|  0%| F|  |TAMS 0x0000000708c00000, 0x0000000708c00000| Untracked 
|  59|0x0000000708d00000, 0x0000000708d00000, 0x0000000708e00000|  0%| F|  |TAMS 0x0000000708d00000, 0x0000000708d00000| Untracked 
|  60|0x0000000708e00000, 0x0000000708e00000, 0x0000000708f00000|  0%| F|  |TAMS 0x0000000708e00000, 0x0000000708e00000| Untracked 
|  61|0x0000000708f00000, 0x0000000708f00000, 0x0000000709000000|  0%| F|  |TAMS 0x0000000708f00000, 0x0000000708f00000| Untracked 
|  62|0x0000000709000000, 0x0000000709000000, 0x0000000709100000|  0%| F|  |TAMS 0x0000000709000000, 0x0000000709000000| Untracked 
|  63|0x0000000709100000, 0x0000000709100000, 0x0000000709200000|  0%| F|  |TAMS 0x0000000709100000, 0x0000000709100000| Untracked 
|  64|0x0000000709200000, 0x0000000709200000, 0x0000000709300000|  0%| F|  |TAMS 0x0000000709200000, 0x0000000709200000| Untracked 
|  65|0x0000000709300000, 0x0000000709300000, 0x0000000709400000|  0%| F|  |TAMS 0x0000000709300000, 0x0000000709300000| Untracked 
|  66|0x0000000709400000, 0x0000000709400000, 0x0000000709500000|  0%| F|  |TAMS 0x0000000709400000, 0x0000000709400000| Untracked 
|  67|0x0000000709500000, 0x0000000709500000, 0x0000000709600000|  0%| F|  |TAMS 0x0000000709500000, 0x0000000709500000| Untracked 
|  68|0x0000000709600000, 0x0000000709600000, 0x0000000709700000|  0%| F|  |TAMS 0x0000000709600000, 0x0000000709600000| Untracked 
|  69|0x0000000709700000, 0x0000000709700000, 0x0000000709800000|  0%| F|  |TAMS 0x0000000709700000, 0x0000000709700000| Untracked 
|  70|0x0000000709800000, 0x0000000709800000, 0x0000000709900000|  0%| F|  |TAMS 0x0000000709800000, 0x0000000709800000| Untracked 
|  71|0x0000000709900000, 0x0000000709900000, 0x0000000709a00000|  0%| F|  |TAMS 0x0000000709900000, 0x0000000709900000| Untracked 
|  72|0x0000000709a00000, 0x0000000709a00000, 0x0000000709b00000|  0%| F|  |TAMS 0x0000000709a00000, 0x0000000709a00000| Untracked 
|  73|0x0000000709b00000, 0x0000000709b00000, 0x0000000709c00000|  0%| F|  |TAMS 0x0000000709b00000, 0x0000000709b00000| Untracked 
|  74|0x0000000709c00000, 0x0000000709c00000, 0x0000000709d00000|  0%| F|  |TAMS 0x0000000709c00000, 0x0000000709c00000| Untracked 
|  75|0x0000000709d00000, 0x0000000709d00000, 0x0000000709e00000|  0%| F|  |TAMS 0x0000000709d00000, 0x0000000709d00000| Untracked 
|  76|0x0000000709e00000, 0x0000000709e00000, 0x0000000709f00000|  0%| F|  |TAMS 0x0000000709e00000, 0x0000000709e00000| Untracked 
|  77|0x0000000709f00000, 0x0000000709f00000, 0x000000070a000000|  0%| F|  |TAMS 0x0000000709f00000, 0x0000000709f00000| Untracked 
|  78|0x000000070a000000, 0x000000070a000000, 0x000000070a100000|  0%| F|  |TAMS 0x000000070a000000, 0x000000070a000000| Untracked 
|  79|0x000000070a100000, 0x000000070a100000, 0x000000070a200000|  0%| F|  |TAMS 0x000000070a100000, 0x000000070a100000| Untracked 
|  80|0x000000070a200000, 0x000000070a200000, 0x000000070a300000|  0%| F|  |TAMS 0x000000070a200000, 0x000000070a200000| Untracked 
|  81|0x000000070a300000, 0x000000070a300000, 0x000000070a400000|  0%| F|  |TAMS 0x000000070a300000, 0x000000070a300000| Untracked 
|  82|0x000000070a400000, 0x000000070a400000, 0x000000070a500000|  0%| F|  |TAMS 0x000000070a400000, 0x000000070a400000| Untracked 
|  83|0x000000070a500000, 0x000000070a500000, 0x000000070a600000|  0%| F|  |TAMS 0x000000070a500000, 0x000000070a500000| Untracked 
|  84|0x000000070a600000, 0x000000070a600000, 0x000000070a700000|  0%| F|  |TAMS 0x000000070a600000, 0x000000070a600000| Untracked 
|  85|0x000000070a700000, 0x000000070a700000, 0x000000070a800000|  0%| F|  |TAMS 0x000000070a700000, 0x000000070a700000| Untracked 
|  86|0x000000070a800000, 0x000000070a800000, 0x000000070a900000|  0%| F|  |TAMS 0x000000070a800000, 0x000000070a800000| Untracked 
|  87|0x000000070a900000, 0x000000070a900000, 0x000000070aa00000|  0%| F|  |TAMS 0x000000070a900000, 0x000000070a900000| Untracked 
|  88|0x000000070aa00000, 0x000000070aa00000, 0x000000070ab00000|  0%| F|  |TAMS 0x000000070aa00000, 0x000000070aa00000| Untracked 
|  89|0x000000070ab00000, 0x000000070ab00000, 0x000000070ac00000|  0%| F|  |TAMS 0x000000070ab00000, 0x000000070ab00000| Untracked 
|  90|0x000000070ac00000, 0x000000070ac00000, 0x000000070ad00000|  0%| F|  |TAMS 0x000000070ac00000, 0x000000070ac00000| Untracked 
|  91|0x000000070ad00000, 0x000000070ad00000, 0x000000070ae00000|  0%| F|  |TAMS 0x000000070ad00000, 0x000000070ad00000| Untracked 
|  92|0x000000070ae00000, 0x000000070ae00000, 0x000000070af00000|  0%| F|  |TAMS 0x000000070ae00000, 0x000000070ae00000| Untracked 
|  93|0x000000070af00000, 0x000000070af00000, 0x000000070b000000|  0%| F|  |TAMS 0x000000070af00000, 0x000000070af00000| Untracked 
|  94|0x000000070b000000, 0x000000070b000000, 0x000000070b100000|  0%| F|  |TAMS 0x000000070b000000, 0x000000070b000000| Untracked 
|  95|0x000000070b100000, 0x000000070b100000, 0x000000070b200000|  0%| F|  |TAMS 0x000000070b100000, 0x000000070b100000| Untracked 
|  96|0x000000070b200000, 0x000000070b200000, 0x000000070b300000|  0%| F|  |TAMS 0x000000070b200000, 0x000000070b200000| Untracked 
|  97|0x000000070b300000, 0x000000070b300000, 0x000000070b400000|  0%| F|  |TAMS 0x000000070b300000, 0x000000070b300000| Untracked 
|  98|0x000000070b400000, 0x000000070b400000, 0x000000070b500000|  0%| F|  |TAMS 0x000000070b400000, 0x000000070b400000| Untracked 
|  99|0x000000070b500000, 0x000000070b500000, 0x000000070b600000|  0%| F|  |TAMS 0x000000070b500000, 0x000000070b500000| Untracked 
| 100|0x000000070b600000, 0x000000070b600000, 0x000000070b700000|  0%| F|  |TAMS 0x000000070b600000, 0x000000070b600000| Untracked 
| 101|0x000000070b700000, 0x000000070b700000, 0x000000070b800000|  0%| F|  |TAMS 0x000000070b700000, 0x000000070b700000| Untracked 
| 102|0x000000070b800000, 0x000000070b800000, 0x000000070b900000|  0%| F|  |TAMS 0x000000070b800000, 0x000000070b800000| Untracked 
| 103|0x000000070b900000, 0x000000070b900000, 0x000000070ba00000|  0%| F|  |TAMS 0x000000070b900000, 0x000000070b900000| Untracked 
| 104|0x000000070ba00000, 0x000000070ba00000, 0x000000070bb00000|  0%| F|  |TAMS 0x000000070ba00000, 0x000000070ba00000| Untracked 
| 105|0x000000070bb00000, 0x000000070bb00000, 0x000000070bc00000|  0%| F|  |TAMS 0x000000070bb00000, 0x000000070bb00000| Untracked 
| 106|0x000000070bc00000, 0x000000070bc00000, 0x000000070bd00000|  0%| F|  |TAMS 0x000000070bc00000, 0x000000070bc00000| Untracked 
| 107|0x000000070bd00000, 0x000000070bd00000, 0x000000070be00000|  0%| F|  |TAMS 0x000000070bd00000, 0x000000070bd00000| Untracked 
| 108|0x000000070be00000, 0x000000070be00000, 0x000000070bf00000|  0%| F|  |TAMS 0x000000070be00000, 0x000000070be00000| Untracked 
| 109|0x000000070bf00000, 0x000000070bf00000, 0x000000070c000000|  0%| F|  |TAMS 0x000000070bf00000, 0x000000070bf00000| Untracked 
| 110|0x000000070c000000, 0x000000070c000000, 0x000000070c100000|  0%| F|  |TAMS 0x000000070c000000, 0x000000070c000000| Untracked 
| 111|0x000000070c100000, 0x000000070c100000, 0x000000070c200000|  0%| F|  |TAMS 0x000000070c100000, 0x000000070c100000| Untracked 
| 112|0x000000070c200000, 0x000000070c200000, 0x000000070c300000|  0%| F|  |TAMS 0x000000070c200000, 0x000000070c200000| Untracked 
| 113|0x000000070c300000, 0x000000070c300000, 0x000000070c400000|  0%| F|  |TAMS 0x000000070c300000, 0x000000070c300000| Untracked 
| 114|0x000000070c400000, 0x000000070c400000, 0x000000070c500000|  0%| F|  |TAMS 0x000000070c400000, 0x000000070c400000| Untracked 
| 115|0x000000070c500000, 0x000000070c500000, 0x000000070c600000|  0%| F|  |TAMS 0x000000070c500000, 0x000000070c500000| Untracked 
| 116|0x000000070c600000, 0x000000070c600000, 0x000000070c700000|  0%| F|  |TAMS 0x000000070c600000, 0x000000070c600000| Untracked 
| 117|0x000000070c700000, 0x000000070c700000, 0x000000070c800000|  0%| F|  |TAMS 0x000000070c700000, 0x000000070c700000| Untracked 
| 118|0x000000070c800000, 0x000000070c800000, 0x000000070c900000|  0%| F|  |TAMS 0x000000070c800000, 0x000000070c800000| Untracked 
| 119|0x000000070c900000, 0x000000070c900000, 0x000000070ca00000|  0%| F|  |TAMS 0x000000070c900000, 0x000000070c900000| Untracked 
| 120|0x000000070ca00000, 0x000000070ca00000, 0x000000070cb00000|  0%| F|  |TAMS 0x000000070ca00000, 0x000000070ca00000| Untracked 
| 121|0x000000070cb00000, 0x000000070cb00000, 0x000000070cc00000|  0%| F|  |TAMS 0x000000070cb00000, 0x000000070cb00000| Untracked 
| 122|0x000000070cc00000, 0x000000070cc00000, 0x000000070cd00000|  0%| F|  |TAMS 0x000000070cc00000, 0x000000070cc00000| Untracked 
| 123|0x000000070cd00000, 0x000000070cd00000, 0x000000070ce00000|  0%| F|  |TAMS 0x000000070cd00000, 0x000000070cd00000| Untracked 
| 124|0x000000070ce00000, 0x000000070ce00000, 0x000000070cf00000|  0%| F|  |TAMS 0x000000070ce00000, 0x000000070ce00000| Untracked 
| 125|0x000000070cf00000, 0x000000070cf00000, 0x000000070d000000|  0%| F|  |TAMS 0x000000070cf00000, 0x000000070cf00000| Untracked 
| 126|0x000000070d000000, 0x000000070d000000, 0x000000070d100000|  0%| F|  |TAMS 0x000000070d000000, 0x000000070d000000| Untracked 
| 127|0x000000070d100000, 0x000000070d100000, 0x000000070d200000|  0%| F|  |TAMS 0x000000070d100000, 0x000000070d100000| Untracked 
| 128|0x000000070d200000, 0x000000070d200000, 0x000000070d300000|  0%| F|  |TAMS 0x000000070d200000, 0x000000070d200000| Untracked 
| 129|0x000000070d300000, 0x000000070d300000, 0x000000070d400000|  0%| F|  |TAMS 0x000000070d300000, 0x000000070d300000| Untracked 
| 130|0x000000070d400000, 0x000000070d400000, 0x000000070d500000|  0%| F|  |TAMS 0x000000070d400000, 0x000000070d400000| Untracked 
| 131|0x000000070d500000, 0x000000070d500000, 0x000000070d600000|  0%| F|  |TAMS 0x000000070d500000, 0x000000070d500000| Untracked 
| 132|0x000000070d600000, 0x000000070d600000, 0x000000070d700000|  0%| F|  |TAMS 0x000000070d600000, 0x000000070d600000| Untracked 
| 133|0x000000070d700000, 0x000000070d700000, 0x000000070d800000|  0%| F|  |TAMS 0x000000070d700000, 0x000000070d700000| Untracked 
| 134|0x000000070d800000, 0x000000070d800000, 0x000000070d900000|  0%| F|  |TAMS 0x000000070d800000, 0x000000070d800000| Untracked 
| 135|0x000000070d900000, 0x000000070d900000, 0x000000070da00000|  0%| F|  |TAMS 0x000000070d900000, 0x000000070d900000| Untracked 
| 136|0x000000070da00000, 0x000000070da00000, 0x000000070db00000|  0%| F|  |TAMS 0x000000070da00000, 0x000000070da00000| Untracked 
| 137|0x000000070db00000, 0x000000070db00000, 0x000000070dc00000|  0%| F|  |TAMS 0x000000070db00000, 0x000000070db00000| Untracked 
| 138|0x000000070dc00000, 0x000000070dc00000, 0x000000070dd00000|  0%| F|  |TAMS 0x000000070dc00000, 0x000000070dc00000| Untracked 
| 139|0x000000070dd00000, 0x000000070dd00000, 0x000000070de00000|  0%| F|  |TAMS 0x000000070dd00000, 0x000000070dd00000| Untracked 
| 140|0x000000070de00000, 0x000000070de00000, 0x000000070df00000|  0%| F|  |TAMS 0x000000070de00000, 0x000000070de00000| Untracked 
| 141|0x000000070df00000, 0x000000070df00000, 0x000000070e000000|  0%| F|  |TAMS 0x000000070df00000, 0x000000070df00000| Untracked 
| 142|0x000000070e000000, 0x000000070e000000, 0x000000070e100000|  0%| F|  |TAMS 0x000000070e000000, 0x000000070e000000| Untracked 
| 143|0x000000070e100000, 0x000000070e100000, 0x000000070e200000|  0%| F|  |TAMS 0x000000070e100000, 0x000000070e100000| Untracked 
| 144|0x000000070e200000, 0x000000070e200000, 0x000000070e300000|  0%| F|  |TAMS 0x000000070e200000, 0x000000070e200000| Untracked 
| 145|0x000000070e300000, 0x000000070e300000, 0x000000070e400000|  0%| F|  |TAMS 0x000000070e300000, 0x000000070e300000| Untracked 
| 146|0x000000070e400000, 0x000000070e400000, 0x000000070e500000|  0%| F|  |TAMS 0x000000070e400000, 0x000000070e400000| Untracked 
| 147|0x000000070e500000, 0x000000070e500000, 0x000000070e600000|  0%| F|  |TAMS 0x000000070e500000, 0x000000070e500000| Untracked 
| 148|0x000000070e600000, 0x000000070e600000, 0x000000070e700000|  0%| F|  |TAMS 0x000000070e600000, 0x000000070e600000| Untracked 
| 149|0x000000070e700000, 0x000000070e700000, 0x000000070e800000|  0%| F|  |TAMS 0x000000070e700000, 0x000000070e700000| Untracked 
| 150|0x000000070e800000, 0x000000070e800000, 0x000000070e900000|  0%| F|  |TAMS 0x000000070e800000, 0x000000070e800000| Untracked 
| 151|0x000000070e900000, 0x000000070e900000, 0x000000070ea00000|  0%| F|  |TAMS 0x000000070e900000, 0x000000070e900000| Untracked 
| 152|0x000000070ea00000, 0x000000070ea00000, 0x000000070eb00000|  0%| F|  |TAMS 0x000000070ea00000, 0x000000070ea00000| Untracked 
| 153|0x000000070eb00000, 0x000000070eb00000, 0x000000070ec00000|  0%| F|  |TAMS 0x000000070eb00000, 0x000000070eb00000| Untracked 
| 154|0x000000070ec00000, 0x000000070ec00000, 0x000000070ed00000|  0%| F|  |TAMS 0x000000070ec00000, 0x000000070ec00000| Untracked 
| 155|0x000000070ed00000, 0x000000070ed00000, 0x000000070ee00000|  0%| F|  |TAMS 0x000000070ed00000, 0x000000070ed00000| Untracked 
| 156|0x000000070ee00000, 0x000000070ee00000, 0x000000070ef00000|  0%| F|  |TAMS 0x000000070ee00000, 0x000000070ee00000| Untracked 
| 157|0x000000070ef00000, 0x000000070ef00000, 0x000000070f000000|  0%| F|  |TAMS 0x000000070ef00000, 0x000000070ef00000| Untracked 
| 158|0x000000070f000000, 0x000000070f000000, 0x000000070f100000|  0%| F|  |TAMS 0x000000070f000000, 0x000000070f000000| Untracked 
| 159|0x000000070f100000, 0x000000070f100000, 0x000000070f200000|  0%| F|  |TAMS 0x000000070f100000, 0x000000070f100000| Untracked 
| 160|0x000000070f200000, 0x000000070f200000, 0x000000070f300000|  0%| F|  |TAMS 0x000000070f200000, 0x000000070f200000| Untracked 
| 161|0x000000070f300000, 0x000000070f300000, 0x000000070f400000|  0%| F|  |TAMS 0x000000070f300000, 0x000000070f300000| Untracked 
| 162|0x000000070f400000, 0x000000070f400000, 0x000000070f500000|  0%| F|  |TAMS 0x000000070f400000, 0x000000070f400000| Untracked 
| 163|0x000000070f500000, 0x000000070f500000, 0x000000070f600000|  0%| F|  |TAMS 0x000000070f500000, 0x000000070f500000| Untracked 
| 164|0x000000070f600000, 0x000000070f600000, 0x000000070f700000|  0%| F|  |TAMS 0x000000070f600000, 0x000000070f600000| Untracked 
| 165|0x000000070f700000, 0x000000070f700000, 0x000000070f800000|  0%| F|  |TAMS 0x000000070f700000, 0x000000070f700000| Untracked 
| 166|0x000000070f800000, 0x000000070f800000, 0x000000070f900000|  0%| F|  |TAMS 0x000000070f800000, 0x000000070f800000| Untracked 
| 167|0x000000070f900000, 0x000000070f900000, 0x000000070fa00000|  0%| F|  |TAMS 0x000000070f900000, 0x000000070f900000| Untracked 
| 168|0x000000070fa00000, 0x000000070fa00000, 0x000000070fb00000|  0%| F|  |TAMS 0x000000070fa00000, 0x000000070fa00000| Untracked 
| 169|0x000000070fb00000, 0x000000070fb00000, 0x000000070fc00000|  0%| F|  |TAMS 0x000000070fb00000, 0x000000070fb00000| Untracked 
| 170|0x000000070fc00000, 0x000000070fc00000, 0x000000070fd00000|  0%| F|  |TAMS 0x000000070fc00000, 0x000000070fc00000| Untracked 
| 171|0x000000070fd00000, 0x000000070fd00000, 0x000000070fe00000|  0%| F|  |TAMS 0x000000070fd00000, 0x000000070fd00000| Untracked 
| 172|0x000000070fe00000, 0x000000070fe00000, 0x000000070ff00000|  0%| F|  |TAMS 0x000000070fe00000, 0x000000070fe00000| Untracked 
| 173|0x000000070ff00000, 0x000000070ff00000, 0x0000000710000000|  0%| F|  |TAMS 0x000000070ff00000, 0x000000070ff00000| Untracked 
| 174|0x0000000710000000, 0x0000000710000000, 0x0000000710100000|  0%| F|  |TAMS 0x0000000710000000, 0x0000000710000000| Untracked 
| 175|0x0000000710100000, 0x0000000710100000, 0x0000000710200000|  0%| F|  |TAMS 0x0000000710100000, 0x0000000710100000| Untracked 
| 176|0x0000000710200000, 0x0000000710200000, 0x0000000710300000|  0%| F|  |TAMS 0x0000000710200000, 0x0000000710200000| Untracked 
| 177|0x0000000710300000, 0x0000000710300000, 0x0000000710400000|  0%| F|  |TAMS 0x0000000710300000, 0x0000000710300000| Untracked 
| 178|0x0000000710400000, 0x0000000710400000, 0x0000000710500000|  0%| F|  |TAMS 0x0000000710400000, 0x0000000710400000| Untracked 
| 179|0x0000000710500000, 0x0000000710500000, 0x0000000710600000|  0%| F|  |TAMS 0x0000000710500000, 0x0000000710500000| Untracked 
| 180|0x0000000710600000, 0x0000000710600000, 0x0000000710700000|  0%| F|  |TAMS 0x0000000710600000, 0x0000000710600000| Untracked 
| 181|0x0000000710700000, 0x0000000710700000, 0x0000000710800000|  0%| F|  |TAMS 0x0000000710700000, 0x0000000710700000| Untracked 
| 182|0x0000000710800000, 0x0000000710800000, 0x0000000710900000|  0%| F|  |TAMS 0x0000000710800000, 0x0000000710800000| Untracked 
| 183|0x0000000710900000, 0x0000000710900000, 0x0000000710a00000|  0%| F|  |TAMS 0x0000000710900000, 0x0000000710900000| Untracked 
| 184|0x0000000710a00000, 0x0000000710a00000, 0x0000000710b00000|  0%| F|  |TAMS 0x0000000710a00000, 0x0000000710a00000| Untracked 
| 185|0x0000000710b00000, 0x0000000710b00000, 0x0000000710c00000|  0%| F|  |TAMS 0x0000000710b00000, 0x0000000710b00000| Untracked 
| 186|0x0000000710c00000, 0x0000000710c00000, 0x0000000710d00000|  0%| F|  |TAMS 0x0000000710c00000, 0x0000000710c00000| Untracked 
| 187|0x0000000710d00000, 0x0000000710d00000, 0x0000000710e00000|  0%| F|  |TAMS 0x0000000710d00000, 0x0000000710d00000| Untracked 
| 188|0x0000000710e00000, 0x0000000710e00000, 0x0000000710f00000|  0%| F|  |TAMS 0x0000000710e00000, 0x0000000710e00000| Untracked 
| 189|0x0000000710f00000, 0x0000000710f00000, 0x0000000711000000|  0%| F|  |TAMS 0x0000000710f00000, 0x0000000710f00000| Untracked 
| 190|0x0000000711000000, 0x0000000711000000, 0x0000000711100000|  0%| F|  |TAMS 0x0000000711000000, 0x0000000711000000| Untracked 
| 191|0x0000000711100000, 0x0000000711100000, 0x0000000711200000|  0%| F|  |TAMS 0x0000000711100000, 0x0000000711100000| Untracked 
| 192|0x0000000711200000, 0x0000000711200000, 0x0000000711300000|  0%| F|  |TAMS 0x0000000711200000, 0x0000000711200000| Untracked 
| 193|0x0000000711300000, 0x0000000711300000, 0x0000000711400000|  0%| F|  |TAMS 0x0000000711300000, 0x0000000711300000| Untracked 
| 194|0x0000000711400000, 0x0000000711400000, 0x0000000711500000|  0%| F|  |TAMS 0x0000000711400000, 0x0000000711400000| Untracked 
| 195|0x0000000711500000, 0x0000000711500000, 0x0000000711600000|  0%| F|  |TAMS 0x0000000711500000, 0x0000000711500000| Untracked 
| 196|0x0000000711600000, 0x0000000711600000, 0x0000000711700000|  0%| F|  |TAMS 0x0000000711600000, 0x0000000711600000| Untracked 
| 197|0x0000000711700000, 0x0000000711700000, 0x0000000711800000|  0%| F|  |TAMS 0x0000000711700000, 0x0000000711700000| Untracked 
| 198|0x0000000711800000, 0x0000000711800000, 0x0000000711900000|  0%| F|  |TAMS 0x0000000711800000, 0x0000000711800000| Untracked 
| 199|0x0000000711900000, 0x0000000711900000, 0x0000000711a00000|  0%| F|  |TAMS 0x0000000711900000, 0x0000000711900000| Untracked 
| 200|0x0000000711a00000, 0x0000000711a00000, 0x0000000711b00000|  0%| F|  |TAMS 0x0000000711a00000, 0x0000000711a00000| Untracked 
| 201|0x0000000711b00000, 0x0000000711b00000, 0x0000000711c00000|  0%| F|  |TAMS 0x0000000711b00000, 0x0000000711b00000| Untracked 
| 202|0x0000000711c00000, 0x0000000711c00000, 0x0000000711d00000|  0%| F|  |TAMS 0x0000000711c00000, 0x0000000711c00000| Untracked 
| 203|0x0000000711d00000, 0x0000000711d00000, 0x0000000711e00000|  0%| F|  |TAMS 0x0000000711d00000, 0x0000000711d00000| Untracked 
| 204|0x0000000711e00000, 0x0000000711e00000, 0x0000000711f00000|  0%| F|  |TAMS 0x0000000711e00000, 0x0000000711e00000| Untracked 
| 205|0x0000000711f00000, 0x0000000711f00000, 0x0000000712000000|  0%| F|  |TAMS 0x0000000711f00000, 0x0000000711f00000| Untracked 
| 206|0x0000000712000000, 0x0000000712000000, 0x0000000712100000|  0%| F|  |TAMS 0x0000000712000000, 0x0000000712000000| Untracked 
| 207|0x0000000712100000, 0x0000000712100000, 0x0000000712200000|  0%| F|  |TAMS 0x0000000712100000, 0x0000000712100000| Untracked 
| 208|0x0000000712200000, 0x0000000712200000, 0x0000000712300000|  0%| F|  |TAMS 0x0000000712200000, 0x0000000712200000| Untracked 
| 209|0x0000000712300000, 0x0000000712300000, 0x0000000712400000|  0%| F|  |TAMS 0x0000000712300000, 0x0000000712300000| Untracked 
| 210|0x0000000712400000, 0x0000000712400000, 0x0000000712500000|  0%| F|  |TAMS 0x0000000712400000, 0x0000000712400000| Untracked 
| 211|0x0000000712500000, 0x0000000712500000, 0x0000000712600000|  0%| F|  |TAMS 0x0000000712500000, 0x0000000712500000| Untracked 
| 212|0x0000000712600000, 0x0000000712600000, 0x0000000712700000|  0%| F|  |TAMS 0x0000000712600000, 0x0000000712600000| Untracked 
| 213|0x0000000712700000, 0x0000000712700000, 0x0000000712800000|  0%| F|  |TAMS 0x0000000712700000, 0x0000000712700000| Untracked 
| 214|0x0000000712800000, 0x0000000712800000, 0x0000000712900000|  0%| F|  |TAMS 0x0000000712800000, 0x0000000712800000| Untracked 
| 215|0x0000000712900000, 0x0000000712900000, 0x0000000712a00000|  0%| F|  |TAMS 0x0000000712900000, 0x0000000712900000| Untracked 
| 216|0x0000000712a00000, 0x0000000712a00000, 0x0000000712b00000|  0%| F|  |TAMS 0x0000000712a00000, 0x0000000712a00000| Untracked 
| 217|0x0000000712b00000, 0x0000000712b00000, 0x0000000712c00000|  0%| F|  |TAMS 0x0000000712b00000, 0x0000000712b00000| Untracked 
| 218|0x0000000712c00000, 0x0000000712c00000, 0x0000000712d00000|  0%| F|  |TAMS 0x0000000712c00000, 0x0000000712c00000| Untracked 
| 219|0x0000000712d00000, 0x0000000712d00000, 0x0000000712e00000|  0%| F|  |TAMS 0x0000000712d00000, 0x0000000712d00000| Untracked 
| 220|0x0000000712e00000, 0x0000000712e00000, 0x0000000712f00000|  0%| F|  |TAMS 0x0000000712e00000, 0x0000000712e00000| Untracked 
| 221|0x0000000712f00000, 0x0000000712f00000, 0x0000000713000000|  0%| F|  |TAMS 0x0000000712f00000, 0x0000000712f00000| Untracked 
| 222|0x0000000713000000, 0x0000000713000000, 0x0000000713100000|  0%| F|  |TAMS 0x0000000713000000, 0x0000000713000000| Untracked 
| 223|0x0000000713100000, 0x0000000713100000, 0x0000000713200000|  0%| F|  |TAMS 0x0000000713100000, 0x0000000713100000| Untracked 
| 224|0x0000000713200000, 0x0000000713200000, 0x0000000713300000|  0%| F|  |TAMS 0x0000000713200000, 0x0000000713200000| Untracked 
| 225|0x0000000713300000, 0x0000000713300000, 0x0000000713400000|  0%| F|  |TAMS 0x0000000713300000, 0x0000000713300000| Untracked 
| 226|0x0000000713400000, 0x0000000713400000, 0x0000000713500000|  0%| F|  |TAMS 0x0000000713400000, 0x0000000713400000| Untracked 
| 227|0x0000000713500000, 0x0000000713500000, 0x0000000713600000|  0%| F|  |TAMS 0x0000000713500000, 0x0000000713500000| Untracked 
| 228|0x0000000713600000, 0x00000007136a8450, 0x0000000713700000| 65%| S|CS|TAMS 0x0000000713600000, 0x0000000713600000| Complete 
| 229|0x0000000713700000, 0x0000000713800000, 0x0000000713800000|100%| S|CS|TAMS 0x0000000713700000, 0x0000000713700000| Complete 
| 230|0x0000000713800000, 0x0000000713900000, 0x0000000713900000|100%| S|CS|TAMS 0x0000000713800000, 0x0000000713800000| Complete 
| 231|0x0000000713900000, 0x0000000713a00000, 0x0000000713a00000|100%| S|CS|TAMS 0x0000000713900000, 0x0000000713900000| Complete 
| 232|0x0000000713a00000, 0x0000000713b00000, 0x0000000713b00000|100%| S|CS|TAMS 0x0000000713a00000, 0x0000000713a00000| Complete 
| 233|0x0000000713b00000, 0x0000000713b00000, 0x0000000713c00000|  0%| F|  |TAMS 0x0000000713b00000, 0x0000000713b00000| Untracked 
| 234|0x0000000713c00000, 0x0000000713c00000, 0x0000000713d00000|  0%| F|  |TAMS 0x0000000713c00000, 0x0000000713c00000| Untracked 
| 235|0x0000000713d00000, 0x0000000713d00000, 0x0000000713e00000|  0%| F|  |TAMS 0x0000000713d00000, 0x0000000713d00000| Untracked 
| 236|0x0000000713e00000, 0x0000000713e00000, 0x0000000713f00000|  0%| F|  |TAMS 0x0000000713e00000, 0x0000000713e00000| Untracked 
| 237|0x0000000713f00000, 0x0000000713f00000, 0x0000000714000000|  0%| F|  |TAMS 0x0000000713f00000, 0x0000000713f00000| Untracked 
| 238|0x0000000714000000, 0x0000000714000000, 0x0000000714100000|  0%| F|  |TAMS 0x0000000714000000, 0x0000000714000000| Untracked 
| 239|0x0000000714100000, 0x0000000714100000, 0x0000000714200000|  0%| F|  |TAMS 0x0000000714100000, 0x0000000714100000| Untracked 
| 240|0x0000000714200000, 0x0000000714200000, 0x0000000714300000|  0%| F|  |TAMS 0x0000000714200000, 0x0000000714200000| Untracked 
| 241|0x0000000714300000, 0x0000000714300000, 0x0000000714400000|  0%| F|  |TAMS 0x0000000714300000, 0x0000000714300000| Untracked 
| 242|0x0000000714400000, 0x0000000714400000, 0x0000000714500000|  0%| F|  |TAMS 0x0000000714400000, 0x0000000714400000| Untracked 
| 243|0x0000000714500000, 0x0000000714500000, 0x0000000714600000|  0%| F|  |TAMS 0x0000000714500000, 0x0000000714500000| Untracked 
| 244|0x0000000714600000, 0x0000000714600000, 0x0000000714700000|  0%| F|  |TAMS 0x0000000714600000, 0x0000000714600000| Untracked 
| 245|0x0000000714700000, 0x0000000714700000, 0x0000000714800000|  0%| F|  |TAMS 0x0000000714700000, 0x0000000714700000| Untracked 
| 246|0x0000000714800000, 0x0000000714800000, 0x0000000714900000|  0%| F|  |TAMS 0x0000000714800000, 0x0000000714800000| Untracked 
| 247|0x0000000714900000, 0x0000000714900000, 0x0000000714a00000|  0%| F|  |TAMS 0x0000000714900000, 0x0000000714900000| Untracked 
| 248|0x0000000714a00000, 0x0000000714a00000, 0x0000000714b00000|  0%| F|  |TAMS 0x0000000714a00000, 0x0000000714a00000| Untracked 
| 249|0x0000000714b00000, 0x0000000714b00000, 0x0000000714c00000|  0%| F|  |TAMS 0x0000000714b00000, 0x0000000714b00000| Untracked 
| 250|0x0000000714c00000, 0x0000000714c00000, 0x0000000714d00000|  0%| F|  |TAMS 0x0000000714c00000, 0x0000000714c00000| Untracked 
| 251|0x0000000714d00000, 0x0000000714d00000, 0x0000000714e00000|  0%| F|  |TAMS 0x0000000714d00000, 0x0000000714d00000| Untracked 

Card table byte_map: [0x00000204bf1d0000,0x00000204bf9b0000] _byte_map_base: 0x00000204bb9a7000

Marking Bits (Prev, Next): (CMBitMap*) 0x00000204a52c1a40, (CMBitMap*) 0x00000204a52c1a08
 Prev Bits: [0x00000204c4050000, 0x00000204c7f08000)
 Next Bits: [0x00000204c0190000, 0x00000204c4048000)

Polling page: 0x00000204a5330000

Metaspace:

Usage:
  Non-class:     24.40 MB capacity,    23.95 MB ( 98%) used,   370.12 KB (  1%) free+waste,    93.94 KB ( <1%) overhead. 
      Class:      3.64 MB capacity,     3.30 MB ( 91%) used,   296.95 KB (  8%) free+waste,    47.50 KB (  1%) overhead. 
       Both:     28.04 MB capacity,    27.25 MB ( 97%) used,   667.07 KB (  2%) free+waste,   141.44 KB ( <1%) overhead. 

Virtual space:
  Non-class space:       38.00 MB reserved,      24.42 MB ( 64%) committed 
      Class space:        1.00 GB reserved,       3.75 MB ( <1%) committed 
             Both:        1.04 GB reserved,      28.17 MB (  3%) committed 

Chunk freelists:
   Non-Class:  21.00 KB
       Class:  16.00 KB
        Both:  37.00 KB

MaxMetaspaceSize: 17179869184.00 GB
CompressedClassSpaceSize: 1.00 GB
Initial GC threshold: 20.80 MB
Current GC threshold: 35.40 MB
CDS: off

CodeHeap 'non-profiled nmethods': size=238912Kb used=3557Kb max_used=3557Kb free=235354Kb
 bounds [0x00000204af830000, 0x00000204afbb0000, 0x00000204be180000]
CodeHeap 'non-nmethods': size=6848Kb used=1211Kb max_used=1211Kb free=5636Kb
 bounds [0x00000204af180000, 0x00000204af3f0000, 0x00000204af830000]
 total_blobs=2891 nmethods=2406 adapters=411
 compilation: enabled
              stopped_count=0, restarted_count=0
 full_count=0

Compilation events (20 events):
Event: 1.332 Thread 0x00000204cb192800 nmethod 2397 0x00000204afba6290 code [0x00000204afba6460, 0x00000204afba6588]
Event: 1.332 Thread 0x00000204cb192800 2398       1       java.util.ArrayList::fastRemove (44 bytes)
Event: 1.332 Thread 0x00000204cb192800 nmethod 2398 0x00000204afba6690 code [0x00000204afba6840, 0x00000204afba6a48]
Event: 1.332 Thread 0x00000204cb192800 2399       1       java.util.ArrayList::remove (26 bytes)
Event: 1.333 Thread 0x00000204cb192800 nmethod 2399 0x00000204afba6b10 code [0x00000204afba6d00, 0x00000204afba7138]
Event: 1.333 Thread 0x00000204cb192800 2402       1       java.util.HashMap::forEach (112 bytes)
Event: 1.333 Thread 0x00000204cb192800 nmethod 2402 0x00000204afba7390 code [0x00000204afba7580, 0x00000204afba7868]
Event: 1.333 Thread 0x00000204cb192800 2400       1       org.springframework.util.Assert::state (17 bytes)
Event: 1.333 Thread 0x00000204cb192800 nmethod 2400 0x00000204afba7a10 code [0x00000204afba7be0, 0x00000204afba7db8]
Event: 1.333 Thread 0x00000204cb192800 2401       1       org.springframework.boot.autoconfigure.AutoConfigurationSorter$AutoConfigurationClasses::get (14 bytes)
Event: 1.333 Thread 0x00000204cb192800 nmethod 2401 0x00000204afba7e90 code [0x00000204afba8040, 0x00000204afba8168]
Event: 1.333 Thread 0x00000204cb192800 2403       1       java.util.LinkedHashMap::afterNodeRemoval (65 bytes)
Event: 1.333 Thread 0x00000204cb192800 nmethod 2403 0x00000204afba8210 code [0x00000204afba83e0, 0x00000204afba8718]
Event: 1.333 Thread 0x00000204cb192800 2404       1       org.springframework.boot.autoconfigure.condition.FilteringSpringBootCondition::getBeanClassLoader (5 bytes)
Event: 1.333 Thread 0x00000204cb192800 nmethod 2404 0x00000204afba8810 code [0x00000204afba89c0, 0x00000204afba8a78]
Event: 1.334 Thread 0x00000204cb192800 2405       1       org.springframework.core.type.classreading.MergedAnnotationReadingVisitor::<init> (40 bytes)
Event: 1.334 Thread 0x00000204cb192800 nmethod 2405 0x00000204afba8b10 code [0x00000204afba8d00, 0x00000204afba90d8]
Event: 1.334 Thread 0x00000204cb192800 2406       1       org.springframework.core.type.classreading.MergedAnnotationReadingVisitor::visitEnd (31 bytes)
Event: 1.334 Thread 0x00000204cb192800 nmethod 2406 0x00000204afba9210 code [0x00000204afba93c0, 0x00000204afba94f8]
Event: 1.334 Thread 0x00000204cb192800 2407       1       org.springframework.core.annotation.MergedAnnotation::of (8 bytes)

GC Heap History (10 events):
Event: 0.725 GC heap before
{Heap before GC invocations=0 (full 0):
 garbage-first heap   total 258048K, used 22528K [0x0000000705200000, 0x0000000800000000)
  region size 1024K, 22 young (22528K), 0 survivors (0K)
 Metaspace       used 13677K, capacity 14067K, committed 14336K, reserved 1062912K
  class space    used 1406K, capacity 1520K, committed 1536K, reserved 1048576K
}
Event: 0.729 GC heap after
{Heap after GC invocations=1 (full 0):
 garbage-first heap   total 258048K, used 7721K [0x0000000705200000, 0x0000000800000000)
  region size 1024K, 3 young (3072K), 3 survivors (3072K)
 Metaspace       used 13677K, capacity 14067K, committed 14336K, reserved 1062912K
  class space    used 1406K, capacity 1520K, committed 1536K, reserved 1048576K
}
Event: 0.984 GC heap before
{Heap before GC invocations=1 (full 0):
 garbage-first heap   total 258048K, used 37417K [0x0000000705200000, 0x0000000800000000)
  region size 1024K, 32 young (32768K), 3 survivors (3072K)
 Metaspace       used 18309K, capacity 18860K, committed 18944K, reserved 1067008K
  class space    used 2046K, capacity 2261K, committed 2304K, reserved 1048576K
}
Event: 0.986 GC heap after
{Heap after GC invocations=2 (full 0):
 garbage-first heap   total 258048K, used 9435K [0x0000000705200000, 0x0000000800000000)
  region size 1024K, 2 young (2048K), 2 survivors (2048K)
 Metaspace       used 18309K, capacity 18860K, committed 18944K, reserved 1067008K
  class space    used 2046K, capacity 2261K, committed 2304K, reserved 1048576K
}
Event: 1.076 GC heap before
{Heap before GC invocations=2 (full 0):
 garbage-first heap   total 258048K, used 23771K [0x0000000705200000, 0x0000000800000000)
  region size 1024K, 17 young (17408K), 2 survivors (2048K)
 Metaspace       used 20560K, capacity 21119K, committed 21296K, reserved 1069056K
  class space    used 2339K, capacity 2570K, committed 2688K, reserved 1048576K
}
Event: 1.078 GC heap after
{Heap after GC invocations=3 (full 0):
 garbage-first heap   total 258048K, used 9915K [0x0000000705200000, 0x0000000800000000)
  region size 1024K, 2 young (2048K), 2 survivors (2048K)
 Metaspace       used 20560K, capacity 21119K, committed 21296K, reserved 1069056K
  class space    used 2339K, capacity 2570K, committed 2688K, reserved 1048576K
}
Event: 1.276 GC heap before
{Heap before GC invocations=4 (full 0):
 garbage-first heap   total 258048K, used 58043K [0x0000000705200000, 0x0000000800000000)
  region size 1024K, 49 young (50176K), 2 survivors (2048K)
 Metaspace       used 26023K, capacity 26847K, committed 27056K, reserved 1073152K
  class space    used 3178K, capacity 3500K, committed 3584K, reserved 1048576K
}
Event: 1.279 GC heap after
{Heap after GC invocations=5 (full 0):
 garbage-first heap   total 258048K, used 11962K [0x0000000705200000, 0x0000000800000000)
  region size 1024K, 4 young (4096K), 4 survivors (4096K)
 Metaspace       used 26023K, capacity 26847K, committed 27056K, reserved 1073152K
  class space    used 3178K, capacity 3500K, committed 3584K, reserved 1048576K
}
Event: 1.334 GC heap before
{Heap before GC invocations=5 (full 0):
 garbage-first heap   total 258048K, used 30394K [0x0000000705200000, 0x0000000800000000)
  region size 1024K, 23 young (23552K), 4 survivors (4096K)
 Metaspace       used 27906K, capacity 28715K, committed 28848K, reserved 1085440K
  class space    used 3383K, capacity 3728K, committed 3840K, reserved 1048576K
}
Event: 1.339 GC heap after
{Heap after GC invocations=6 (full 0):
 garbage-first heap   total 258048K, used 12642K [0x0000000705200000, 0x0000000800000000)
  region size 1024K, 5 young (5120K), 5 survivors (5120K)
 Metaspace       used 27906K, capacity 28715K, committed 28848K, reserved 1085440K
  class space    used 3383K, capacity 3728K, committed 3840K, reserved 1048576K
}

Deoptimization events (0 events):
No events

Classes redefined (0 events):
No events

Internal exceptions (20 events):
Event: 1.175 Thread 0x00000204a525d000 Exception <a 'java/lang/ClassNotFoundException'{0x00000007133786c0}: org/springframework/beans/factory/AwareCustomizer> (0x00000007133786c0) thrown at [./src/hotspot/share/classfile/systemDictionary.cpp, line 230]
Event: 1.175 Thread 0x00000204a525d000 Exception <a 'java/lang/ClassNotFoundException'{0x000000071338f2c0}: org/springframework/context/ApplicationStartupAwareCustomizer> (0x000000071338f2c0) thrown at [./src/hotspot/share/classfile/systemDictionary.cpp, line 230]
Event: 1.175 Thread 0x00000204a525d000 Exception <a 'java/lang/ClassNotFoundException'{0x00000007133a4f70}: org/springframework/beans/factory/AwareCustomizer> (0x00000007133a4f70) thrown at [./src/hotspot/share/classfile/systemDictionary.cpp, line 230]
Event: 1.175 Thread 0x00000204a525d000 Exception <a 'java/lang/ClassNotFoundException'{0x00000007133bc388}: org/springframework/beans/factory/BeanClassLoaderAwareCustomizer> (0x00000007133bc388) thrown at [./src/hotspot/share/classfile/systemDictionary.cpp, line 230]
Event: 1.176 Thread 0x00000204a525d000 Exception <a 'java/lang/ClassNotFoundException'{0x00000007132016a0}: org/springframework/beans/factory/AwareCustomizer> (0x00000007132016a0) thrown at [./src/hotspot/share/classfile/systemDictionary.cpp, line 230]
Event: 1.176 Thread 0x00000204a525d000 Exception <a 'java/lang/ClassNotFoundException'{0x0000000713217168}: org/springframework/context/EnvironmentAwareCustomizer> (0x0000000713217168) thrown at [./src/hotspot/share/classfile/systemDictionary.cpp, line 230]
Event: 1.176 Thread 0x00000204a525d000 Exception <a 'java/lang/ClassNotFoundException'{0x000000071322cb30}: org/springframework/beans/factory/AwareCustomizer> (0x000000071322cb30) thrown at [./src/hotspot/share/classfile/systemDictionary.cpp, line 230]
Event: 1.240 Thread 0x00000204cc78c800 Exception <a 'java/lang/NoSuchMethodError'{0x00000007125a23b0}: 'java.lang.Object java.lang.invoke.DirectMethodHandle$Holder.invokeStaticInit(java.lang.Object, java.lang.Object, java.lang.Object, java.lang.Object, java.lang.Object)'> (0x00000007125a23b0) thrown at [./src/hotspot/share/interpreter/linkResolver.cpp, line 773]
Event: 1.244 Thread 0x00000204cc78c800 Exception <a 'java/lang/NoSuchMethodError'{0x000000071249d220}: 'java.lang.Object java.lang.invoke.DirectMethodHandle$Holder.invokeSpecial(java.lang.Object, java.lang.Object, int, int, java.lang.Object, java.lang.Object, java.lang.Object)'> (0x000000071249d220) thrown at [./src/hotspot/share/interpreter/linkResolver.cpp, line 773]
Event: 1.244 Thread 0x00000204cc78c800 Exception <a 'java/lang/NoSuchMethodError'{0x00000007124a07b0}: 'java.lang.Object java.lang.invoke.DelegatingMethodHandle$Holder.reinvoke_L(java.lang.Object, int, int, java.lang.Object, java.lang.Object, java.lang.Object)'> (0x00000007124a07b0) thrown at [./src/hotspot/share/interpreter/linkResolver.cpp, line 773]
Event: 1.245 Thread 0x00000204cc78c800 Exception <a 'java/lang/NoSuchMethodError'{0x00000007124a4690}: 'java.lang.Object java.lang.invoke.DirectMethodHandle$Holder.invokeStatic(java.lang.Object, java.lang.Object, java.lang.Object, java.lang.Object, int)'> (0x00000007124a4690) thrown at [./src/hotspot/share/interpreter/linkResolver.cpp, line 773]
Event: 1.253 Thread 0x00000204ccc43800 Exception <a 'java/lang/NoSuchMethodError'{0x000000071223ccb0}: 'java.lang.Object java.lang.invoke.DirectMethodHandle$Holder.invokeStatic(java.lang.Object, java.lang.Object, java.lang.Object, java.lang.Object, java.lang.Object, java.lang.Object, java.lang.Object, java.lang.Object, java.lang.Object, java.lang.Object, java.lang.Object, java.lang.Object, java.lang.Object, int)'> (0x000000071223ccb0) thrown at [./src/hotspot/share/interpreter/linkResolver.cpp, line 773]
Event: 1.254 Thread 0x00000204ccc43800 Exception <a 'java/lang/NoSuchMethodError'{0x00000007122494d8}: 'java.lang.Object java.lang.invoke.DirectMethodHandle$Holder.invokeStatic(java.lang.Object, java.lang.Object, java.lang.Object, java.lang.Object, java.lang.Object, java.lang.Object, java.lang.Object, java.lang.Object, java.lang.Object, java.lang.Object, java.lang.Object, java.lang.Object, java.lang.Object, int, int)'> (0x00000007122494d8) thrown at [./src/hotspot/share/interpreter/linkResolver.cpp, line 773]
Event: 1.257 Thread 0x00000204ccc43800 Exception <a 'java/lang/NoSuchMethodError'{0x00000007122e2950}: 'java.lang.Object java.lang.invoke.DelegatingMethodHandle$Holder.reinvoke_L(java.lang.Object, int, java.lang.Object)'> (0x00000007122e2950) thrown at [./src/hotspot/share/interpreter/linkResolver.cpp, line 773]
Event: 1.269 Thread 0x00000204ccc43800 Exception <a 'java/lang/NoSuchMethodError'{0x0000000711fd2818}: <clinit>> (0x0000000711fd2818) thrown at [./src/hotspot/share/prims/jni.cpp, line 1367]
Event: 1.281 Thread 0x00000204ccc43800 Exception <a 'java/lang/ClassNotFoundException'{0x0000000714c832c8}: javax/management/remote/rmi/RMIConnectionImpl_Skel> (0x0000000714c832c8) thrown at [./src/hotspot/share/classfile/systemDictionary.cpp, line 230]
Event: 1.282 Thread 0x00000204ccda4000 Exception <a 'java/lang/NoSuchMethodError'{0x0000000714d38778}: 'java.lang.Object java.lang.invoke.Invokers$Holder.linkToTargetMethod(java.lang.Object, long, java.lang.Object)'> (0x0000000714d38778) thrown at [./src/hotspot/share/interpreter/linkResolver.cpp, line 773]
Event: 1.289 Thread 0x00000204ccc43800 Exception <a 'java/lang/reflect/InvocationTargetException'{0x0000000714cba848}> (0x0000000714cba848) thrown at [./src/hotspot/share/runtime/reflection.cpp, line 1247]
Event: 1.292 Thread 0x00000204ccc43800 Exception <a 'java/lang/NoSuchMethodError'{0x0000000714816ef0}: <clinit>> (0x0000000714816ef0) thrown at [./src/hotspot/share/prims/jni.cpp, line 1367]
Event: 1.316 Thread 0x00000204a525d000 Exception <a 'java/lang/IncompatibleClassChangeError'{0x0000000714044950}: Found class java.lang.Object, but interface was expected> (0x0000000714044950) thrown at [./src/hotspot/share/interpreter/linkResolver.cpp, line 839]

Events (20 events):
Event: 1.333 loading class org/springframework/boot/autoconfigure/AutoConfigurationImportSelector$AutoConfigurationGroup done
Event: 1.333 loading class com/fasterxml/jackson/databind/ser/std/StringSerializer
Event: 1.333 loading class com/fasterxml/jackson/databind/ser/std/StringSerializer done
Event: 1.333 loading class org/springframework/context/annotation/DeferredImportSelector$Group$Entry
Event: 1.333 loading class org/springframework/context/annotation/DeferredImportSelector$Group$Entry done
Event: 1.333 loading class org/springframework/context/annotation/ConfigurationClassParser$DeferredImportSelectorGroupingHandler
Event: 1.333 loading class org/springframework/context/annotation/ConfigurationClassParser$DeferredImportSelectorGroupingHandler done
Event: 1.333 loading class com/fasterxml/jackson/databind/ser/std/StdScalarSerializer
Event: 1.333 loading class com/fasterxml/jackson/databind/ser/std/StdScalarSerializer done
Event: 1.333 loading class com/fasterxml/jackson/databind/ser/std/ToStringSerializer
Event: 1.333 loading class com/fasterxml/jackson/databind/ser/std/ToStringSerializer done
Event: 1.334 loading class com/fasterxml/jackson/databind/ser/std/ToStringSerializerBase
Event: 1.334 loading class com/fasterxml/jackson/databind/ser/std/ToStringSerializerBase done
Event: 1.334 loading class com/fasterxml/jackson/databind/ser/std/NumberSerializers
Event: 1.334 loading class com/fasterxml/jackson/databind/ser/std/NumberSerializers done
Event: 1.334 loading class com/fasterxml/jackson/databind/ser/std/NumberSerializers$IntegerSerializer
Event: 1.334 loading class com/fasterxml/jackson/databind/ser/std/NumberSerializers$IntegerSerializer done
Event: 1.334 loading class com/fasterxml/jackson/databind/ser/std/NumberSerializers$Base
Event: 1.334 loading class com/fasterxml/jackson/databind/ser/std/NumberSerializers$Base done
Event: 1.334 Executing VM operation: CollectForMetadataAllocation


Dynamic libraries:
0x00007ff7a4550000 - 0x00007ff7a455d000 	C:\Program Files\Java\jdk-11.0.15+10\bin\java.exe
0x00007ffecf220000 - 0x00007ffecf429000 	C:\WINDOWS\SYSTEM32\ntdll.dll
0x00007ffece4c0000 - 0x00007ffece57d000 	C:\WINDOWS\System32\KERNEL32.DLL
0x00007ffecc990000 - 0x00007ffeccd0c000 	C:\WINDOWS\System32\KERNELBASE.dll
0x00007ffecc870000 - 0x00007ffecc981000 	C:\WINDOWS\System32\ucrtbase.dll
0x00007ffec32a0000 - 0x00007ffec32b5000 	C:\Program Files\Java\jdk-11.0.15+10\bin\VCRUNTIME140.dll
0x00007ffec32c0000 - 0x00007ffec32d7000 	C:\Program Files\Java\jdk-11.0.15+10\bin\jli.dll
0x00007ffece2f0000 - 0x00007ffece49d000 	C:\WINDOWS\System32\USER32.dll
0x00007ffeaa2f0000 - 0x00007ffeaa595000 	C:\WINDOWS\WinSxS\amd64_microsoft.windows.common-controls_6595b64144ccf1df_6.0.22000.120_none_9d947278b86cc467\COMCTL32.dll
0x00007ffeccd90000 - 0x00007ffeccdb6000 	C:\WINDOWS\System32\win32u.dll
0x00007ffecd2c0000 - 0x00007ffecd363000 	C:\WINDOWS\System32\msvcrt.dll
0x00007ffecf1b0000 - 0x00007ffecf1d9000 	C:\WINDOWS\System32\GDI32.dll
0x00007ffeccf90000 - 0x00007ffecd0a9000 	C:\WINDOWS\System32\gdi32full.dll
0x00007ffeccdc0000 - 0x00007ffecce5d000 	C:\WINDOWS\System32\msvcp_win.dll
0x00007ffecd200000 - 0x00007ffecd231000 	C:\WINDOWS\System32\IMM32.DLL
0x00007ffe7fd50000 - 0x00007ffe7fdeb000 	C:\Program Files\Java\jdk-11.0.15+10\bin\msvcp140.dll
0x00007ffe13390000 - 0x00007ffe13f11000 	C:\Program Files\Java\jdk-11.0.15+10\bin\server\jvm.dll
0x00007ffecd370000 - 0x00007ffecd41e000 	C:\WINDOWS\System32\ADVAPI32.dll
0x00007ffece930000 - 0x00007ffece9ce000 	C:\WINDOWS\System32\sechost.dll
0x00007ffece7a0000 - 0x00007ffece8c0000 	C:\WINDOWS\System32\RPCRT4.dll
0x00007ffece6e0000 - 0x00007ffece6e8000 	C:\WINDOWS\System32\PSAPI.DLL
0x00007ffec7be0000 - 0x00007ffec7c13000 	C:\WINDOWS\SYSTEM32\WINMM.dll
0x00007ffeac080000 - 0x00007ffeac089000 	C:\WINDOWS\SYSTEM32\WSOCK32.dll
0x00007ffec5df0000 - 0x00007ffec5dfa000 	C:\WINDOWS\SYSTEM32\VERSION.dll
0x00007ffece280000 - 0x00007ffece2ef000 	C:\WINDOWS\System32\WS2_32.dll
0x00007ffecb7f0000 - 0x00007ffecb808000 	C:\WINDOWS\SYSTEM32\kernel.appcore.dll
0x00007ffec3290000 - 0x00007ffec32a0000 	C:\Program Files\Java\jdk-11.0.15+10\bin\verify.dll
0x00007ffec4320000 - 0x00007ffec4541000 	C:\WINDOWS\SYSTEM32\DBGHELP.DLL
0x00007ffeafb30000 - 0x00007ffeafb61000 	C:\WINDOWS\SYSTEM32\dbgcore.DLL
0x00007ffeccd10000 - 0x00007ffeccd8f000 	C:\WINDOWS\System32\bcryptPrimitives.dll
0x00007ffeaf6b0000 - 0x00007ffeaf6d8000 	C:\Program Files\Java\jdk-11.0.15+10\bin\java.dll
0x00007ffeaf5f0000 - 0x00007ffeaf5fa000 	C:\Program Files\Java\jdk-11.0.15+10\bin\jimage.dll
0x00007ffeb6f10000 - 0x00007ffeb6f1e000 	C:\Program Files\Java\jdk-11.0.15+10\bin\instrument.dll
0x00007ffeaf690000 - 0x00007ffeaf6a8000 	C:\Program Files\Java\jdk-11.0.15+10\bin\zip.dll
0x00007ffecd890000 - 0x00007ffece048000 	C:\WINDOWS\System32\SHELL32.dll
0x00007ffeca860000 - 0x00007ffecb0c8000 	C:\WINDOWS\SYSTEM32\windows.storage.dll
0x00007ffecebe0000 - 0x00007ffecef59000 	C:\WINDOWS\System32\combase.dll
0x00007ffeca6f0000 - 0x00007ffeca856000 	C:\WINDOWS\SYSTEM32\wintypes.dll
0x00007ffece9d0000 - 0x00007ffeceaba000 	C:\WINDOWS\System32\SHCORE.dll
0x00007ffece220000 - 0x00007ffece27d000 	C:\WINDOWS\System32\shlwapi.dll
0x00007ffecc630000 - 0x00007ffecc651000 	C:\WINDOWS\SYSTEM32\profapi.dll
0x00007ffeab880000 - 0x00007ffeab899000 	C:\Program Files\Java\jdk-11.0.15+10\bin\net.dll
0x00007ffec6bf0000 - 0x00007ffec6cfc000 	C:\WINDOWS\SYSTEM32\WINHTTP.dll
0x00007ffecbc20000 - 0x00007ffecbc87000 	C:\WINDOWS\system32\mswsock.dll
0x00007ffea0850000 - 0x00007ffea0863000 	C:\Program Files\Java\jdk-11.0.15+10\bin\nio.dll
0x00007ffe9db10000 - 0x00007ffe9db2a000 	C:\Users\User\AppData\Local\JetBrains\Toolbox\apps\IDEA-U\ch-0\222.4167.29\bin\breakgen64.dll
0x00007ffecb350000 - 0x00007ffecb438000 	C:\WINDOWS\SYSTEM32\DNSAPI.dll
0x00007ffecb320000 - 0x00007ffecb34d000 	C:\WINDOWS\SYSTEM32\IPHLPAPI.DLL
0x00007ffece4b0000 - 0x00007ffece4b9000 	C:\WINDOWS\System32\NSI.dll
0x0000000060720000 - 0x0000000060746000 	C:\Program Files\Bonjour\mdnsNSP.dll
0x00007ffec3e90000 - 0x00007ffec3e9a000 	C:\Windows\System32\rasadhlp.dll
0x00007ffec45a0000 - 0x00007ffec4621000 	C:\WINDOWS\System32\fwpuclnt.dll
0x00007ffeb1390000 - 0x00007ffeb1399000 	C:\Program Files\Java\jdk-11.0.15+10\bin\management.dll
0x00007ffe9f4d0000 - 0x00007ffe9f4db000 	C:\Program Files\Java\jdk-11.0.15+10\bin\management_ext.dll
0x00007ffecbe70000 - 0x00007ffecbe88000 	C:\WINDOWS\SYSTEM32\CRYPTSP.dll
0x00007ffecb750000 - 0x00007ffecb785000 	C:\WINDOWS\system32\rsaenh.dll
0x00007ffecbd10000 - 0x00007ffecbd39000 	C:\WINDOWS\SYSTEM32\USERENV.dll
0x00007ffecbff0000 - 0x00007ffecc017000 	C:\WINDOWS\SYSTEM32\bcrypt.dll
0x00007ffecbe60000 - 0x00007ffecbe6c000 	C:\WINDOWS\SYSTEM32\CRYPTBASE.dll
0x00007ffec7000000 - 0x00007ffec7019000 	C:\WINDOWS\SYSTEM32\dhcpcsvc6.DLL
0x00007ffec7970000 - 0x00007ffec798e000 	C:\WINDOWS\SYSTEM32\dhcpcsvc.DLL
0x00007ffea4020000 - 0x00007ffea4037000 	C:\WINDOWS\system32\napinsp.dll
0x00007ffea3fc0000 - 0x00007ffea3fdb000 	C:\WINDOWS\system32\pnrpnsp.dll
0x00007ffea3f50000 - 0x00007ffea3f62000 	C:\WINDOWS\System32\winrnr.dll
0x00007ffea3e70000 - 0x00007ffea3e85000 	C:\WINDOWS\system32\wshbth.dll
0x00007ffea3e30000 - 0x00007ffea3e4f000 	C:\WINDOWS\system32\nlansp_c.dll

dbghelp: loaded successfully - version: 4.0.5 - missing functions: none
symbol engine: initialized successfully - sym options: 0x614 - pdb path: .;C:\Program Files\Java\jdk-11.0.15+10\bin;C:\WINDOWS\SYSTEM32;C:\WINDOWS\WinSxS\amd64_microsoft.windows.common-controls_6595b64144ccf1df_6.0.22000.120_none_9d947278b86cc467;C:\Program Files\Java\jdk-11.0.15+10\bin\server;C:\Users\User\AppData\Local\JetBrains\Toolbox\apps\IDEA-U\ch-0\222.4167.29\bin;C:\Program Files\Bonjour

VM Arguments:
jvm_args: -XX:TieredStopAtLevel=1 -Xverify:none -Dspring.output.ansi.enabled=always -Dcom.sun.management.jmxremote -Dspring.jmx.enabled=true -Dspring.liveBeansView.mbeanDomain -Dspring.application.admin.enabled=true -javaagent:C:\Users\User\AppData\Local\JetBrains\Toolbox\apps\IDEA-U\ch-0\222.4167.29\lib\idea_rt.jar=7856:C:\Users\User\AppData\Local\JetBrains\Toolbox\apps\IDEA-U\ch-0\222.4167.29\bin -Dfile.encoding=UTF-8 
java_command: com.upc.pe.backenderentcar.BackenderentcarApplication
java_class_path (initial): D:\App Source\Proyectos\backenderentcar\target\classes;C:\Users\User\.m2\repository\org\springframework\boot\spring-boot-starter-data-jpa\2.7.3\spring-boot-starter-data-jpa-2.7.3.jar;C:\Users\User\.m2\repository\org\springframework\boot\spring-boot-starter-aop\2.7.3\spring-boot-starter-aop-2.7.3.jar;C:\Users\User\.m2\repository\org\springframework\spring-aop\5.3.22\spring-aop-5.3.22.jar;C:\Users\User\.m2\repository\org\aspectj\aspectjweaver\1.9.7\aspectjweaver-1.9.7.jar;C:\Users\User\.m2\repository\org\springframework\boot\spring-boot-starter-jdbc\2.7.3\spring-boot-starter-jdbc-2.7.3.jar;C:\Users\User\.m2\repository\com\zaxxer\HikariCP\4.0.3\HikariCP-4.0.3.jar;C:\Users\User\.m2\repository\org\springframework\spring-jdbc\5.3.22\spring-jdbc-5.3.22.jar;C:\Users\User\.m2\repository\jakarta\transaction\jakarta.transaction-api\1.3.3\jakarta.transaction-api-1.3.3.jar;C:\Users\User\.m2\repository\jakarta\persistence\jakarta.persistence-api\2.2.3\jakarta.persistence-api-2.2.3.jar;C:\Users\User\.m2\repository\org\hibernate\hibernate-core\5.6.10.Final\hibernate-core-5.6.10.Final.jar;C:\Users\User\.m2\repository\org\jboss\logging\jboss-logging\3.4.3.Final\jboss-logging-3.4.3.Final.jar;C:\Users\User\.m2\repository\net\bytebuddy\byte-buddy\1.12.13\byte-buddy-1.12.13.jar;C:\Users\User\.m2\repository\antlr\antlr\2.7.7\antlr-2.7.7.jar;C:\Users\User\.m2\repository\org\jboss\jandex\2.4.2.Final\jandex-2.4.2.Final.jar;C:\Users\User\.m2\repository\com\fasterxml\classmate\1.5.1\classmate-1.5.1.jar;C:\Users\User\.m2\repository\org\hibernate\common\hibernate-commons-annotations\5.1.2.Final\hibernate-commons-annotations-5.1.2.Final.jar;C:\Users\User\.m2\repository\org\glassfish\jaxb\jaxb-runtime\2.3.6\jaxb-runtime-2.3.6.jar;C:\Users\User\.m2\repository\org\glassfish\jaxb\txw2\2.3.6\txw2-2.3.6.jar;C:\Users\User\.m2\repository\com\sun\istack\istack-commons-runtime\3.0.12\istack-commons-runtime-3.0.12.jar;C:\Users\User\.m2\repository\com\sun\activation\jakarta.activ
Launcher Type: SUN_STANDARD

[Global flags]
     bool BytecodeVerificationLocal                = false                                     {product} {command line}
     bool BytecodeVerificationRemote               = false                                     {product} {command line}
     intx CICompilerCount                          = 3                                         {product} {ergonomic}
     uint ConcGCThreads                            = 2                                         {product} {ergonomic}
     uint G1ConcRefinementThreads                  = 6                                         {product} {ergonomic}
   size_t G1HeapRegionSize                         = 1048576                                   {product} {ergonomic}
    uintx GCDrainStackTargetSize                   = 64                                        {product} {ergonomic}
   size_t InitialHeapSize                          = 264241152                                 {product} {ergonomic}
     bool ManagementServer                         = true                                      {product} {command line}
   size_t MarkStackSize                            = 4194304                                   {product} {ergonomic}
   size_t MaxHeapSize                              = 4208984064                                {product} {ergonomic}
   size_t MaxNewSize                               = 2524971008                                {product} {ergonomic}
   size_t MinHeapDeltaBytes                        = 1048576                                   {product} {ergonomic}
    uintx NonNMethodCodeHeapSize                   = 6973028                                {pd product} {ergonomic}
    uintx NonProfiledCodeHeapSize                  = 244685212                              {pd product} {ergonomic}
    uintx ProfiledCodeHeapSize                     = 0                                      {pd product} {ergonomic}
    uintx ReservedCodeCacheSize                    = 251658240                              {pd product} {ergonomic}
     bool SegmentedCodeCache                       = true                                      {product} {ergonomic}
     intx TieredStopAtLevel                        = 1                                         {product} {command line}
     bool UseCompressedClassPointers               = true                                 {lp64_product} {ergonomic}
     bool UseCompressedOops                        = true                                 {lp64_product} {ergonomic}
     bool UseG1GC                                  = true                                      {product} {ergonomic}
     bool UseLargePagesIndividualAllocation        = false                                  {pd product} {ergonomic}

Logging:
Log output configuration:
 #0: stdout all=warning uptime,level,tags
 #1: stderr all=off uptime,level,tags

Environment Variables:
JAVA_HOME=C:\Program Files\Java\jdk-11.0.15+10
PATH=C:\Program Files (x86)\Common Files\Oracle\Java\javapath;C:\Program Files\apache-maven-3.8.6\bin;C:\Program Files (x86)\VMware\VMware Workstation\bin\;C:\WINDOWS;C:\WINDOWS\System32\Wbem;C:\WINDOWS\System32\WindowsPowerShell\v1.0\;C:\WINDOWS\System32\OpenSSH\;C:\Program Files\dotnet\;C:\Program Files\Microsoft SQL Server\130\Tools\Binn\;C:\Program Files\Microsoft SQL Server\Client SDK\ODBC\170\Tools\Binn\;C:\Program Files (x86)\Microsoft SQL Server\150\Tools\Binn\;C:\Program Files\Microsoft SQL Server\150\Tools\Binn\;C:\Program Files\Microsoft SQL Server\150\DTS\Binn\;C:\Program Files (x86)\Microsoft SQL Server\150\DTS\Binn\;C:\Program Files\Azure Data Studio\bin;C:\Program Files\PuTTY\;C:\ProgramData\chocolatey\bin;C:\Program Files (x86)\Common Files\i2 Shared\Geotrans\;C:\Ampps\mysql\bin;C:\Program Files\Java\jdk-18\bin;C:\Program Files\Git\cmd;C:\Program Files\nodejs\;C:\Program Files\MySQL\MySQL Server 8.0\bin;C:\Program Files\Docker\Docker\resources\bin;C:\ProgramData\DockerDesktop\version-bin;C:\Windows\System32;C:\Program Files\Git\bin\git.exe;C:\Program Files\Git\cmd;C:\src\flutter\bin;C:\Users\User\AppData\Local\Microsoft\WindowsApps;C:\Users\User\.dotnet\tools;C:\Users\User\AppData\Local\GitHubDesktop\bin;C:\Users\User\AppData\Local\Programs\Microsoft VS Code\bin;C:\Users\User\AppData\Roaming\npm;C:\Users\User\AppData\Local\JetBrains\Toolbox\scripts;C:\Program Files (x86)\Nmap;C:\Program Files\heroku\bin;C:\tools\dart-sdk\bin;C:\Users\User\AppData\Roaming\Pub\Cache\bin
USERNAME=User
OS=Windows_NT
PROCESSOR_IDENTIFIER=Intel64 Family 6 Model 158 Stepping 10, GenuineIntel



---------------  S Y S T E M  ---------------

OS: Windows 11 , 64 bit Build 22000 (10.0.22000.708)
OS uptime: 2 days 3:19 hours

CPU:total 6 (initial active 6) (6 cores per cpu, 1 threads per core) family 6 model 158 stepping 10 microcode 0xde, cmov, cx8, fxsr, mmx, sse, sse2, sse3, ssse3, sse4.1, sse4.2, popcnt, avx, avx2, aes, clmul, erms, 3dnowpref, lzcnt, tsc, tscinvbit, bmi1, bmi2, adx, fma

Memory: 4k page, system-wide physical 16049M (3837M free)
TotalPageFile size 18097M (AvailPageFile size 5M)
current process WorkingSet (physical memory assigned to process): 140M, peak: 140M
current process commit charge ("private bytes"): 370M, peak: 371M

vm_info: OpenJDK 64-Bit Server VM (11.0.15+10) for windows-amd64 JRE (11.0.15+10), built on Apr 19 2022 22:29:44 by "" with unknown MS VC++:1916

END.
